[2014-09-19 19:30:36] production.ERROR: exception 'Symfony\Component\HttpKernel\Exception\NotFoundHttpException' in E:\EDRootAnalytics\wEB\qdbwrite\bootstrap\compiled.php:5702
Stack trace:
#0 E:\EDRootAnalytics\wEB\qdbwrite\bootstrap\compiled.php(5019): Illuminate\Routing\RouteCollection->match(Object(Illuminate\Http\Request))
#1 E:\EDRootAnalytics\wEB\qdbwrite\bootstrap\compiled.php(5007): Illuminate\Routing\Router->findRoute(Object(Illuminate\Http\Request))
#2 E:\EDRootAnalytics\wEB\qdbwrite\bootstrap\compiled.php(4999): Illuminate\Routing\Router->dispatchToRoute(Object(Illuminate\Http\Request))
#3 E:\EDRootAnalytics\wEB\qdbwrite\bootstrap\compiled.php(722): Illuminate\Routing\Router->dispatch(Object(Illuminate\Http\Request))
#4 E:\EDRootAnalytics\wEB\qdbwrite\bootstrap\compiled.php(703): Illuminate\Foundation\Application->dispatch(Object(Illuminate\Http\Request))
#5 E:\EDRootAnalytics\wEB\qdbwrite\bootstrap\compiled.php(7763): Illuminate\Foundation\Application->handle(Object(Illuminate\Http\Request), 1, true)
#6 E:\EDRootAnalytics\wEB\qdbwrite\bootstrap\compiled.php(8370): Illuminate\Session\Middleware->handle(Object(Illuminate\Http\Request), 1, true)
#7 E:\EDRootAnalytics\wEB\qdbwrite\bootstrap\compiled.php(8317): Illuminate\Cookie\Queue->handle(Object(Illuminate\Http\Request), 1, true)
#8 E:\EDRootAnalytics\wEB\qdbwrite\bootstrap\compiled.php(10955): Illuminate\Cookie\Guard->handle(Object(Illuminate\Http\Request), 1, true)
#9 E:\EDRootAnalytics\wEB\qdbwrite\bootstrap\compiled.php(664): Stack\StackedHttpKernel->handle(Object(Illuminate\Http\Request))
#10 E:\EDRootAnalytics\wEB\qdbwrite\public\index.php(49): Illuminate\Foundation\Application->run()
#11 E:\EDRootAnalytics\wEB\qdbwrite\server.php(19): require_once('E:\EDRootAnalyt...')
#12 {main} [] []
[2014-09-19 19:31:28] production.ERROR: exception 'Symfony\Component\HttpKernel\Exception\NotFoundHttpException' in E:\EDRootAnalytics\wEB\qdbwrite\bootstrap\compiled.php:5702
Stack trace:
#0 E:\EDRootAnalytics\wEB\qdbwrite\bootstrap\compiled.php(5019): Illuminate\Routing\RouteCollection->match(Object(Illuminate\Http\Request))
#1 E:\EDRootAnalytics\wEB\qdbwrite\bootstrap\compiled.php(5007): Illuminate\Routing\Router->findRoute(Object(Illuminate\Http\Request))
#2 E:\EDRootAnalytics\wEB\qdbwrite\bootstrap\compiled.php(4999): Illuminate\Routing\Router->dispatchToRoute(Object(Illuminate\Http\Request))
#3 E:\EDRootAnalytics\wEB\qdbwrite\bootstrap\compiled.php(722): Illuminate\Routing\Router->dispatch(Object(Illuminate\Http\Request))
#4 E:\EDRootAnalytics\wEB\qdbwrite\bootstrap\compiled.php(703): Illuminate\Foundation\Application->dispatch(Object(Illuminate\Http\Request))
#5 E:\EDRootAnalytics\wEB\qdbwrite\bootstrap\compiled.php(7763): Illuminate\Foundation\Application->handle(Object(Illuminate\Http\Request), 1, true)
#6 E:\EDRootAnalytics\wEB\qdbwrite\bootstrap\compiled.php(8370): Illuminate\Session\Middleware->handle(Object(Illuminate\Http\Request), 1, true)
#7 E:\EDRootAnalytics\wEB\qdbwrite\bootstrap\compiled.php(8317): Illuminate\Cookie\Queue->handle(Object(Illuminate\Http\Request), 1, true)
#8 E:\EDRootAnalytics\wEB\qdbwrite\bootstrap\compiled.php(10955): Illuminate\Cookie\Guard->handle(Object(Illuminate\Http\Request), 1, true)
#9 E:\EDRootAnalytics\wEB\qdbwrite\bootstrap\compiled.php(664): Stack\StackedHttpKernel->handle(Object(Illuminate\Http\Request))
#10 E:\EDRootAnalytics\wEB\qdbwrite\public\index.php(49): Illuminate\Foundation\Application->run()
#11 E:\EDRootAnalytics\wEB\qdbwrite\server.php(19): require_once('E:\EDRootAnalyt...')
#12 {main} [] []
[2014-09-19 19:31:41] production.ERROR: exception 'Symfony\Component\HttpKernel\Exception\NotFoundHttpException' in E:\EDRootAnalytics\wEB\qdbwrite\bootstrap\compiled.php:5702
Stack trace:
#0 E:\EDRootAnalytics\wEB\qdbwrite\bootstrap\compiled.php(5019): Illuminate\Routing\RouteCollection->match(Object(Illuminate\Http\Request))
#1 E:\EDRootAnalytics\wEB\qdbwrite\bootstrap\compiled.php(5007): Illuminate\Routing\Router->findRoute(Object(Illuminate\Http\Request))
#2 E:\EDRootAnalytics\wEB\qdbwrite\bootstrap\compiled.php(4999): Illuminate\Routing\Router->dispatchToRoute(Object(Illuminate\Http\Request))
#3 E:\EDRootAnalytics\wEB\qdbwrite\bootstrap\compiled.php(722): Illuminate\Routing\Router->dispatch(Object(Illuminate\Http\Request))
#4 E:\EDRootAnalytics\wEB\qdbwrite\bootstrap\compiled.php(703): Illuminate\Foundation\Application->dispatch(Object(Illuminate\Http\Request))
#5 E:\EDRootAnalytics\wEB\qdbwrite\bootstrap\compiled.php(7763): Illuminate\Foundation\Application->handle(Object(Illuminate\Http\Request), 1, true)
#6 E:\EDRootAnalytics\wEB\qdbwrite\bootstrap\compiled.php(8370): Illuminate\Session\Middleware->handle(Object(Illuminate\Http\Request), 1, true)
#7 E:\EDRootAnalytics\wEB\qdbwrite\bootstrap\compiled.php(8317): Illuminate\Cookie\Queue->handle(Object(Illuminate\Http\Request), 1, true)
#8 E:\EDRootAnalytics\wEB\qdbwrite\bootstrap\compiled.php(10955): Illuminate\Cookie\Guard->handle(Object(Illuminate\Http\Request), 1, true)
#9 E:\EDRootAnalytics\wEB\qdbwrite\bootstrap\compiled.php(664): Stack\StackedHttpKernel->handle(Object(Illuminate\Http\Request))
#10 E:\EDRootAnalytics\wEB\qdbwrite\public\index.php(49): Illuminate\Foundation\Application->run()
#11 E:\EDRootAnalytics\wEB\qdbwrite\server.php(19): require_once('E:\EDRootAnalyt...')
#12 {main} [] []
[2014-09-19 19:36:32] production.ERROR: exception 'Symfony\Component\HttpKernel\Exception\NotFoundHttpException' in E:\EDRootAnalytics\wEB\qdbwrite\bootstrap\compiled.php:5702
Stack trace:
#0 E:\EDRootAnalytics\wEB\qdbwrite\bootstrap\compiled.php(5019): Illuminate\Routing\RouteCollection->match(Object(Illuminate\Http\Request))
#1 E:\EDRootAnalytics\wEB\qdbwrite\bootstrap\compiled.php(5007): Illuminate\Routing\Router->findRoute(Object(Illuminate\Http\Request))
#2 E:\EDRootAnalytics\wEB\qdbwrite\bootstrap\compiled.php(4999): Illuminate\Routing\Router->dispatchToRoute(Object(Illuminate\Http\Request))
#3 E:\EDRootAnalytics\wEB\qdbwrite\bootstrap\compiled.php(722): Illuminate\Routing\Router->dispatch(Object(Illuminate\Http\Request))
#4 E:\EDRootAnalytics\wEB\qdbwrite\bootstrap\compiled.php(703): Illuminate\Foundation\Application->dispatch(Object(Illuminate\Http\Request))
#5 E:\EDRootAnalytics\wEB\qdbwrite\bootstrap\compiled.php(7763): Illuminate\Foundation\Application->handle(Object(Illuminate\Http\Request), 1, true)
#6 E:\EDRootAnalytics\wEB\qdbwrite\bootstrap\compiled.php(8370): Illuminate\Session\Middleware->handle(Object(Illuminate\Http\Request), 1, true)
#7 E:\EDRootAnalytics\wEB\qdbwrite\bootstrap\compiled.php(8317): Illuminate\Cookie\Queue->handle(Object(Illuminate\Http\Request), 1, true)
#8 E:\EDRootAnalytics\wEB\qdbwrite\bootstrap\compiled.php(10955): Illuminate\Cookie\Guard->handle(Object(Illuminate\Http\Request), 1, true)
#9 E:\EDRootAnalytics\wEB\qdbwrite\bootstrap\compiled.php(664): Stack\StackedHttpKernel->handle(Object(Illuminate\Http\Request))
#10 E:\EDRootAnalytics\wEB\qdbwrite\public\index.php(49): Illuminate\Foundation\Application->run()
#11 E:\EDRootAnalytics\wEB\qdbwrite\server.php(19): require_once('E:\EDRootAnalyt...')
#12 {main} [] []
[2014-09-19 19:50:20] production.ERROR: exception 'Symfony\Component\HttpKernel\Exception\NotFoundHttpException' in E:\EDRootAnalytics\wEB\qdbwrite\bootstrap\compiled.php:5702
Stack trace:
#0 E:\EDRootAnalytics\wEB\qdbwrite\bootstrap\compiled.php(5019): Illuminate\Routing\RouteCollection->match(Object(Illuminate\Http\Request))
#1 E:\EDRootAnalytics\wEB\qdbwrite\bootstrap\compiled.php(5007): Illuminate\Routing\Router->findRoute(Object(Illuminate\Http\Request))
#2 E:\EDRootAnalytics\wEB\qdbwrite\bootstrap\compiled.php(4999): Illuminate\Routing\Router->dispatchToRoute(Object(Illuminate\Http\Request))
#3 E:\EDRootAnalytics\wEB\qdbwrite\bootstrap\compiled.php(722): Illuminate\Routing\Router->dispatch(Object(Illuminate\Http\Request))
#4 E:\EDRootAnalytics\wEB\qdbwrite\bootstrap\compiled.php(703): Illuminate\Foundation\Application->dispatch(Object(Illuminate\Http\Request))
#5 E:\EDRootAnalytics\wEB\qdbwrite\bootstrap\compiled.php(7763): Illuminate\Foundation\Application->handle(Object(Illuminate\Http\Request), 1, true)
#6 E:\EDRootAnalytics\wEB\qdbwrite\bootstrap\compiled.php(8370): Illuminate\Session\Middleware->handle(Object(Illuminate\Http\Request), 1, true)
#7 E:\EDRootAnalytics\wEB\qdbwrite\bootstrap\compiled.php(8317): Illuminate\Cookie\Queue->handle(Object(Illuminate\Http\Request), 1, true)
#8 E:\EDRootAnalytics\wEB\qdbwrite\bootstrap\compiled.php(10955): Illuminate\Cookie\Guard->handle(Object(Illuminate\Http\Request), 1, true)
#9 E:\EDRootAnalytics\wEB\qdbwrite\bootstrap\compiled.php(664): Stack\StackedHttpKernel->handle(Object(Illuminate\Http\Request))
#10 E:\EDRootAnalytics\wEB\qdbwrite\public\index.php(49): Illuminate\Foundation\Application->run()
#11 E:\EDRootAnalytics\wEB\qdbwrite\server.php(19): require_once('E:\EDRootAnalyt...')
#12 {main} [] []
[2014-09-19 19:50:21] production.ERROR: exception 'Symfony\Component\HttpKernel\Exception\NotFoundHttpException' in E:\EDRootAnalytics\wEB\qdbwrite\bootstrap\compiled.php:5702
Stack trace:
#0 E:\EDRootAnalytics\wEB\qdbwrite\bootstrap\compiled.php(5019): Illuminate\Routing\RouteCollection->match(Object(Illuminate\Http\Request))
#1 E:\EDRootAnalytics\wEB\qdbwrite\bootstrap\compiled.php(5007): Illuminate\Routing\Router->findRoute(Object(Illuminate\Http\Request))
#2 E:\EDRootAnalytics\wEB\qdbwrite\bootstrap\compiled.php(4999): Illuminate\Routing\Router->dispatchToRoute(Object(Illuminate\Http\Request))
#3 E:\EDRootAnalytics\wEB\qdbwrite\bootstrap\compiled.php(722): Illuminate\Routing\Router->dispatch(Object(Illuminate\Http\Request))
#4 E:\EDRootAnalytics\wEB\qdbwrite\bootstrap\compiled.php(703): Illuminate\Foundation\Application->dispatch(Object(Illuminate\Http\Request))
#5 E:\EDRootAnalytics\wEB\qdbwrite\bootstrap\compiled.php(7763): Illuminate\Foundation\Application->handle(Object(Illuminate\Http\Request), 1, true)
#6 E:\EDRootAnalytics\wEB\qdbwrite\bootstrap\compiled.php(8370): Illuminate\Session\Middleware->handle(Object(Illuminate\Http\Request), 1, true)
#7 E:\EDRootAnalytics\wEB\qdbwrite\bootstrap\compiled.php(8317): Illuminate\Cookie\Queue->handle(Object(Illuminate\Http\Request), 1, true)
#8 E:\EDRootAnalytics\wEB\qdbwrite\bootstrap\compiled.php(10955): Illuminate\Cookie\Guard->handle(Object(Illuminate\Http\Request), 1, true)
#9 E:\EDRootAnalytics\wEB\qdbwrite\bootstrap\compiled.php(664): Stack\StackedHttpKernel->handle(Object(Illuminate\Http\Request))
#10 E:\EDRootAnalytics\wEB\qdbwrite\public\index.php(49): Illuminate\Foundation\Application->run()
#11 E:\EDRootAnalytics\wEB\qdbwrite\server.php(19): require_once('E:\EDRootAnalyt...')
#12 {main} [] []
[2014-09-19 20:03:23] production.ERROR: exception 'Symfony\Component\HttpKernel\Exception\NotFoundHttpException' in E:\EDRootAnalytics\wEB\qdbwrite\bootstrap\compiled.php:5702
Stack trace:
#0 E:\EDRootAnalytics\wEB\qdbwrite\bootstrap\compiled.php(5019): Illuminate\Routing\RouteCollection->match(Object(Illuminate\Http\Request))
#1 E:\EDRootAnalytics\wEB\qdbwrite\bootstrap\compiled.php(5007): Illuminate\Routing\Router->findRoute(Object(Illuminate\Http\Request))
#2 E:\EDRootAnalytics\wEB\qdbwrite\bootstrap\compiled.php(4999): Illuminate\Routing\Router->dispatchToRoute(Object(Illuminate\Http\Request))
#3 E:\EDRootAnalytics\wEB\qdbwrite\bootstrap\compiled.php(722): Illuminate\Routing\Router->dispatch(Object(Illuminate\Http\Request))
#4 E:\EDRootAnalytics\wEB\qdbwrite\bootstrap\compiled.php(703): Illuminate\Foundation\Application->dispatch(Object(Illuminate\Http\Request))
#5 E:\EDRootAnalytics\wEB\qdbwrite\bootstrap\compiled.php(7763): Illuminate\Foundation\Application->handle(Object(Illuminate\Http\Request), 1, true)
#6 E:\EDRootAnalytics\wEB\qdbwrite\bootstrap\compiled.php(8370): Illuminate\Session\Middleware->handle(Object(Illuminate\Http\Request), 1, true)
#7 E:\EDRootAnalytics\wEB\qdbwrite\bootstrap\compiled.php(8317): Illuminate\Cookie\Queue->handle(Object(Illuminate\Http\Request), 1, true)
#8 E:\EDRootAnalytics\wEB\qdbwrite\bootstrap\compiled.php(10955): Illuminate\Cookie\Guard->handle(Object(Illuminate\Http\Request), 1, true)
#9 E:\EDRootAnalytics\wEB\qdbwrite\bootstrap\compiled.php(664): Stack\StackedHttpKernel->handle(Object(Illuminate\Http\Request))
#10 E:\EDRootAnalytics\wEB\qdbwrite\public\index.php(49): Illuminate\Foundation\Application->run()
#11 E:\EDRootAnalytics\wEB\qdbwrite\server.php(19): require_once('E:\EDRootAnalyt...')
#12 {main} [] []
[2014-09-19 20:36:45] production.ERROR: exception 'PDOException' with message 'SQLSTATE[42S02]: Base table or view not found: 1146 Table 'qdbwrite.users' doesn't exist' in E:\EDRootAnalytics\wEB\qdbwrite\vendor\laravel\framework\src\Illuminate\Database\Connection.php:299
Stack trace:
#0 E:\EDRootAnalytics\wEB\qdbwrite\vendor\laravel\framework\src\Illuminate\Database\Connection.php(299): PDO->prepare('select * from `...')
#1 E:\EDRootAnalytics\wEB\qdbwrite\vendor\laravel\framework\src\Illuminate\Database\Connection.php(617): Illuminate\Database\Connection->Illuminate\Database\{closure}(Object(Illuminate\Database\MySqlConnection), 'select * from `...', Array)
#2 E:\EDRootAnalytics\wEB\qdbwrite\vendor\laravel\framework\src\Illuminate\Database\Connection.php(581): Illuminate\Database\Connection->runQueryCallback('select * from `...', Array, Object(Closure))
#3 E:\EDRootAnalytics\wEB\qdbwrite\vendor\laravel\framework\src\Illuminate\Database\Connection.php(304): Illuminate\Database\Connection->run('select * from `...', Array, Object(Closure))
#4 E:\EDRootAnalytics\wEB\qdbwrite\vendor\laravel\framework\src\Illuminate\Database\Query\Builder.php(1359): Illuminate\Database\Connection->select('select * from `...', Array)
#5 E:\EDRootAnalytics\wEB\qdbwrite\vendor\laravel\framework\src\Illuminate\Database\Query\Builder.php(1349): Illuminate\Database\Query\Builder->runSelect()
#6 E:\EDRootAnalytics\wEB\qdbwrite\vendor\laravel\framework\src\Illuminate\Database\Query\Builder.php(1336): Illuminate\Database\Query\Builder->getFresh(Array)
#7 E:\EDRootAnalytics\wEB\qdbwrite\vendor\laravel\framework\src\Illuminate\Database\Eloquent\Builder.php(415): Illuminate\Database\Query\Builder->get(Array)
#8 E:\EDRootAnalytics\wEB\qdbwrite\vendor\laravel\framework\src\Illuminate\Database\Eloquent\Builder.php(151): Illuminate\Database\Eloquent\Builder->getModels(Array)
#9 E:\EDRootAnalytics\wEB\qdbwrite\vendor\laravel\framework\src\Illuminate\Database\Eloquent\Builder.php(125): Illuminate\Database\Eloquent\Builder->get(Array)
#10 E:\EDRootAnalytics\wEB\qdbwrite\vendor\laravel\framework\src\Illuminate\Auth\EloquentUserProvider.php(94): Illuminate\Database\Eloquent\Builder->first()
#11 E:\EDRootAnalytics\wEB\qdbwrite\vendor\laravel\framework\src\Illuminate\Auth\Guard.php(347): Illuminate\Auth\EloquentUserProvider->retrieveByCredentials(Array)
#12 [internal function]: Illuminate\Auth\Guard->attempt(Array)
#13 E:\EDRootAnalytics\wEB\qdbwrite\bootstrap\compiled.php(8238): call_user_func_array(Array, Array)
#14 E:\EDRootAnalytics\wEB\qdbwrite\bootstrap\compiled.php(3243): Illuminate\Support\Manager->__call('attempt', Array)
#15 E:\EDRootAnalytics\wEB\qdbwrite\bootstrap\compiled.php(3243): Illuminate\Auth\AuthManager->attempt(Array)
#16 E:\EDRootAnalytics\wEB\qdbwrite\app\controllers\AuthController.php(19): Illuminate\Support\Facades\Facade::__callStatic('attempt', Array)
#17 E:\EDRootAnalytics\wEB\qdbwrite\app\controllers\AuthController.php(19): Illuminate\Support\Facades\Auth::attempt(Array)
#18 [internal function]: AuthController->login()
#19 E:\EDRootAnalytics\wEB\qdbwrite\vendor\laravel\framework\src\Illuminate\Routing\Controller.php(231): call_user_func_array(Array, Array)
#20 E:\EDRootAnalytics\wEB\qdbwrite\bootstrap\compiled.php(5799): Illuminate\Routing\Controller->callAction('login', Array)
#21 E:\EDRootAnalytics\wEB\qdbwrite\bootstrap\compiled.php(5787): Illuminate\Routing\ControllerDispatcher->call(Object(AuthController), Object(Illuminate\Routing\Route), 'login')
#22 E:\EDRootAnalytics\wEB\qdbwrite\bootstrap\compiled.php(4986): Illuminate\Routing\ControllerDispatcher->dispatch(Object(Illuminate\Routing\Route), Object(Illuminate\Http\Request), 'AuthController', 'login')
#23 [internal function]: Illuminate\Routing\Router->Illuminate\Routing\{closure}()
#24 E:\EDRootAnalytics\wEB\qdbwrite\bootstrap\compiled.php(5345): call_user_func_array(Object(Closure), Array)
#25 E:\EDRootAnalytics\wEB\qdbwrite\bootstrap\compiled.php(5011): Illuminate\Routing\Route->run(Object(Illuminate\Http\Request))
#26 E:\EDRootAnalytics\wEB\qdbwrite\bootstrap\compiled.php(4999): Illuminate\Routing\Router->dispatchToRoute(Object(Illuminate\Http\Request))
#27 E:\EDRootAnalytics\wEB\qdbwrite\bootstrap\compiled.php(722): Illuminate\Routing\Router->dispatch(Object(Illuminate\Http\Request))
#28 E:\EDRootAnalytics\wEB\qdbwrite\bootstrap\compiled.php(703): Illuminate\Foundation\Application->dispatch(Object(Illuminate\Http\Request))
#29 E:\EDRootAnalytics\wEB\qdbwrite\bootstrap\compiled.php(7763): Illuminate\Foundation\Application->handle(Object(Illuminate\Http\Request), 1, true)
#30 E:\EDRootAnalytics\wEB\qdbwrite\bootstrap\compiled.php(8370): Illuminate\Session\Middleware->handle(Object(Illuminate\Http\Request), 1, true)
#31 E:\EDRootAnalytics\wEB\qdbwrite\bootstrap\compiled.php(8317): Illuminate\Cookie\Queue->handle(Object(Illuminate\Http\Request), 1, true)
#32 E:\EDRootAnalytics\wEB\qdbwrite\bootstrap\compiled.php(10955): Illuminate\Cookie\Guard->handle(Object(Illuminate\Http\Request), 1, true)
#33 E:\EDRootAnalytics\wEB\qdbwrite\bootstrap\compiled.php(664): Stack\StackedHttpKernel->handle(Object(Illuminate\Http\Request))
#34 E:\EDRootAnalytics\wEB\qdbwrite\public\index.php(49): Illuminate\Foundation\Application->run()
#35 E:\EDRootAnalytics\wEB\qdbwrite\server.php(19): require_once('E:\EDRootAnalyt...')
#36 {main}

Next exception 'Illuminate\Database\QueryException' with message 'SQLSTATE[42S02]: Base table or view not found: 1146 Table 'qdbwrite.users' doesn't exist (SQL: select * from `users` where `email` = as limit 1)' in E:\EDRootAnalytics\wEB\qdbwrite\vendor\laravel\framework\src\Illuminate\Database\Connection.php:625
Stack trace:
#0 E:\EDRootAnalytics\wEB\qdbwrite\vendor\laravel\framework\src\Illuminate\Database\Connection.php(581): Illuminate\Database\Connection->runQueryCallback('select * from `...', Array, Object(Closure))
#1 E:\EDRootAnalytics\wEB\qdbwrite\vendor\laravel\framework\src\Illuminate\Database\Connection.php(304): Illuminate\Database\Connection->run('select * from `...', Array, Object(Closure))
#2 E:\EDRootAnalytics\wEB\qdbwrite\vendor\laravel\framework\src\Illuminate\Database\Query\Builder.php(1359): Illuminate\Database\Connection->select('select * from `...', Array)
#3 E:\EDRootAnalytics\wEB\qdbwrite\vendor\laravel\framework\src\Illuminate\Database\Query\Builder.php(1349): Illuminate\Database\Query\Builder->runSelect()
#4 E:\EDRootAnalytics\wEB\qdbwrite\vendor\laravel\framework\src\Illuminate\Database\Query\Builder.php(1336): Illuminate\Database\Query\Builder->getFresh(Array)
#5 E:\EDRootAnalytics\wEB\qdbwrite\vendor\laravel\framework\src\Illuminate\Database\Eloquent\Builder.php(415): Illuminate\Database\Query\Builder->get(Array)
#6 E:\EDRootAnalytics\wEB\qdbwrite\vendor\laravel\framework\src\Illuminate\Database\Eloquent\Builder.php(151): Illuminate\Database\Eloquent\Builder->getModels(Array)
#7 E:\EDRootAnalytics\wEB\qdbwrite\vendor\laravel\framework\src\Illuminate\Database\Eloquent\Builder.php(125): Illuminate\Database\Eloquent\Builder->get(Array)
#8 E:\EDRootAnalytics\wEB\qdbwrite\vendor\laravel\framework\src\Illuminate\Auth\EloquentUserProvider.php(94): Illuminate\Database\Eloquent\Builder->first()
#9 E:\EDRootAnalytics\wEB\qdbwrite\vendor\laravel\framework\src\Illuminate\Auth\Guard.php(347): Illuminate\Auth\EloquentUserProvider->retrieveByCredentials(Array)
#10 [internal function]: Illuminate\Auth\Guard->attempt(Array)
#11 E:\EDRootAnalytics\wEB\qdbwrite\bootstrap\compiled.php(8238): call_user_func_array(Array, Array)
#12 E:\EDRootAnalytics\wEB\qdbwrite\bootstrap\compiled.php(3243): Illuminate\Support\Manager->__call('attempt', Array)
#13 E:\EDRootAnalytics\wEB\qdbwrite\bootstrap\compiled.php(3243): Illuminate\Auth\AuthManager->attempt(Array)
#14 E:\EDRootAnalytics\wEB\qdbwrite\app\controllers\AuthController.php(19): Illuminate\Support\Facades\Facade::__callStatic('attempt', Array)
#15 E:\EDRootAnalytics\wEB\qdbwrite\app\controllers\AuthController.php(19): Illuminate\Support\Facades\Auth::attempt(Array)
#16 [internal function]: AuthController->login()
#17 E:\EDRootAnalytics\wEB\qdbwrite\vendor\laravel\framework\src\Illuminate\Routing\Controller.php(231): call_user_func_array(Array, Array)
#18 E:\EDRootAnalytics\wEB\qdbwrite\bootstrap\compiled.php(5799): Illuminate\Routing\Controller->callAction('login', Array)
#19 E:\EDRootAnalytics\wEB\qdbwrite\bootstrap\compiled.php(5787): Illuminate\Routing\ControllerDispatcher->call(Object(AuthController), Object(Illuminate\Routing\Route), 'login')
#20 E:\EDRootAnalytics\wEB\qdbwrite\bootstrap\compiled.php(4986): Illuminate\Routing\ControllerDispatcher->dispatch(Object(Illuminate\Routing\Route), Object(Illuminate\Http\Request), 'AuthController', 'login')
#21 [internal function]: Illuminate\Routing\Router->Illuminate\Routing\{closure}()
#22 E:\EDRootAnalytics\wEB\qdbwrite\bootstrap\compiled.php(5345): call_user_func_array(Object(Closure), Array)
#23 E:\EDRootAnalytics\wEB\qdbwrite\bootstrap\compiled.php(5011): Illuminate\Routing\Route->run(Object(Illuminate\Http\Request))
#24 E:\EDRootAnalytics\wEB\qdbwrite\bootstrap\compiled.php(4999): Illuminate\Routing\Router->dispatchToRoute(Object(Illuminate\Http\Request))
#25 E:\EDRootAnalytics\wEB\qdbwrite\bootstrap\compiled.php(722): Illuminate\Routing\Router->dispatch(Object(Illuminate\Http\Request))
#26 E:\EDRootAnalytics\wEB\qdbwrite\bootstrap\compiled.php(703): Illuminate\Foundation\Application->dispatch(Object(Illuminate\Http\Request))
#27 E:\EDRootAnalytics\wEB\qdbwrite\bootstrap\compiled.php(7763): Illuminate\Foundation\Application->handle(Object(Illuminate\Http\Request), 1, true)
#28 E:\EDRootAnalytics\wEB\qdbwrite\bootstrap\compiled.php(8370): Illuminate\Session\Middleware->handle(Object(Illuminate\Http\Request), 1, true)
#29 E:\EDRootAnalytics\wEB\qdbwrite\bootstrap\compiled.php(8317): Illuminate\Cookie\Queue->handle(Object(Illuminate\Http\Request), 1, true)
#30 E:\EDRootAnalytics\wEB\qdbwrite\bootstrap\compiled.php(10955): Illuminate\Cookie\Guard->handle(Object(Illuminate\Http\Request), 1, true)
#31 E:\EDRootAnalytics\wEB\qdbwrite\bootstrap\compiled.php(664): Stack\StackedHttpKernel->handle(Object(Illuminate\Http\Request))
#32 E:\EDRootAnalytics\wEB\qdbwrite\public\index.php(49): Illuminate\Foundation\Application->run()
#33 E:\EDRootAnalytics\wEB\qdbwrite\server.php(19): require_once('E:\EDRootAnalyt...')
#34 {main} [] []
[2014-09-19 20:36:45] production.ERROR: exception 'PDOException' with message 'SQLSTATE[42S02]: Base table or view not found: 1146 Table 'qdbwrite.users' doesn't exist' in E:\EDRootAnalytics\wEB\qdbwrite\vendor\laravel\framework\src\Illuminate\Database\Connection.php:299
Stack trace:
#0 E:\EDRootAnalytics\wEB\qdbwrite\vendor\laravel\framework\src\Illuminate\Database\Connection.php(299): PDO->prepare('select * from `...')
#1 E:\EDRootAnalytics\wEB\qdbwrite\vendor\laravel\framework\src\Illuminate\Database\Connection.php(617): Illuminate\Database\Connection->Illuminate\Database\{closure}(Object(Illuminate\Database\MySqlConnection), 'select * from `...', Array)
#2 E:\EDRootAnalytics\wEB\qdbwrite\vendor\laravel\framework\src\Illuminate\Database\Connection.php(581): Illuminate\Database\Connection->runQueryCallback('select * from `...', Array, Object(Closure))
#3 E:\EDRootAnalytics\wEB\qdbwrite\vendor\laravel\framework\src\Illuminate\Database\Connection.php(304): Illuminate\Database\Connection->run('select * from `...', Array, Object(Closure))
#4 E:\EDRootAnalytics\wEB\qdbwrite\vendor\laravel\framework\src\Illuminate\Database\Query\Builder.php(1359): Illuminate\Database\Connection->select('select * from `...', Array)
#5 E:\EDRootAnalytics\wEB\qdbwrite\vendor\laravel\framework\src\Illuminate\Database\Query\Builder.php(1349): Illuminate\Database\Query\Builder->runSelect()
#6 E:\EDRootAnalytics\wEB\qdbwrite\vendor\laravel\framework\src\Illuminate\Database\Query\Builder.php(1336): Illuminate\Database\Query\Builder->getFresh(Array)
#7 E:\EDRootAnalytics\wEB\qdbwrite\vendor\laravel\framework\src\Illuminate\Database\Eloquent\Builder.php(415): Illuminate\Database\Query\Builder->get(Array)
#8 E:\EDRootAnalytics\wEB\qdbwrite\vendor\laravel\framework\src\Illuminate\Database\Eloquent\Builder.php(151): Illuminate\Database\Eloquent\Builder->getModels(Array)
#9 E:\EDRootAnalytics\wEB\qdbwrite\vendor\laravel\framework\src\Illuminate\Database\Eloquent\Builder.php(125): Illuminate\Database\Eloquent\Builder->get(Array)
#10 E:\EDRootAnalytics\wEB\qdbwrite\vendor\laravel\framework\src\Illuminate\Auth\EloquentUserProvider.php(94): Illuminate\Database\Eloquent\Builder->first()
#11 E:\EDRootAnalytics\wEB\qdbwrite\vendor\laravel\framework\src\Illuminate\Auth\Guard.php(347): Illuminate\Auth\EloquentUserProvider->retrieveByCredentials(Array)
#12 [internal function]: Illuminate\Auth\Guard->attempt(Array)
#13 E:\EDRootAnalytics\wEB\qdbwrite\bootstrap\compiled.php(8238): call_user_func_array(Array, Array)
#14 E:\EDRootAnalytics\wEB\qdbwrite\bootstrap\compiled.php(3243): Illuminate\Support\Manager->__call('attempt', Array)
#15 E:\EDRootAnalytics\wEB\qdbwrite\bootstrap\compiled.php(3243): Illuminate\Auth\AuthManager->attempt(Array)
#16 E:\EDRootAnalytics\wEB\qdbwrite\app\controllers\AuthController.php(19): Illuminate\Support\Facades\Facade::__callStatic('attempt', Array)
#17 E:\EDRootAnalytics\wEB\qdbwrite\app\controllers\AuthController.php(19): Illuminate\Support\Facades\Auth::attempt(Array)
#18 [internal function]: AuthController->login()
#19 E:\EDRootAnalytics\wEB\qdbwrite\vendor\laravel\framework\src\Illuminate\Routing\Controller.php(231): call_user_func_array(Array, Array)
#20 E:\EDRootAnalytics\wEB\qdbwrite\bootstrap\compiled.php(5799): Illuminate\Routing\Controller->callAction('login', Array)
#21 E:\EDRootAnalytics\wEB\qdbwrite\bootstrap\compiled.php(5787): Illuminate\Routing\ControllerDispatcher->call(Object(AuthController), Object(Illuminate\Routing\Route), 'login')
#22 E:\EDRootAnalytics\wEB\qdbwrite\bootstrap\compiled.php(4986): Illuminate\Routing\ControllerDispatcher->dispatch(Object(Illuminate\Routing\Route), Object(Illuminate\Http\Request), 'AuthController', 'login')
#23 [internal function]: Illuminate\Routing\Router->Illuminate\Routing\{closure}()
#24 E:\EDRootAnalytics\wEB\qdbwrite\bootstrap\compiled.php(5345): call_user_func_array(Object(Closure), Array)
#25 E:\EDRootAnalytics\wEB\qdbwrite\bootstrap\compiled.php(5011): Illuminate\Routing\Route->run(Object(Illuminate\Http\Request))
#26 E:\EDRootAnalytics\wEB\qdbwrite\bootstrap\compiled.php(4999): Illuminate\Routing\Router->dispatchToRoute(Object(Illuminate\Http\Request))
#27 E:\EDRootAnalytics\wEB\qdbwrite\bootstrap\compiled.php(722): Illuminate\Routing\Router->dispatch(Object(Illuminate\Http\Request))
#28 E:\EDRootAnalytics\wEB\qdbwrite\bootstrap\compiled.php(703): Illuminate\Foundation\Application->dispatch(Object(Illuminate\Http\Request))
#29 E:\EDRootAnalytics\wEB\qdbwrite\bootstrap\compiled.php(7763): Illuminate\Foundation\Application->handle(Object(Illuminate\Http\Request), 1, true)
#30 E:\EDRootAnalytics\wEB\qdbwrite\bootstrap\compiled.php(8370): Illuminate\Session\Middleware->handle(Object(Illuminate\Http\Request), 1, true)
#31 E:\EDRootAnalytics\wEB\qdbwrite\bootstrap\compiled.php(8317): Illuminate\Cookie\Queue->handle(Object(Illuminate\Http\Request), 1, true)
#32 E:\EDRootAnalytics\wEB\qdbwrite\bootstrap\compiled.php(10955): Illuminate\Cookie\Guard->handle(Object(Illuminate\Http\Request), 1, true)
#33 E:\EDRootAnalytics\wEB\qdbwrite\bootstrap\compiled.php(664): Stack\StackedHttpKernel->handle(Object(Illuminate\Http\Request))
#34 E:\EDRootAnalytics\wEB\qdbwrite\public\index.php(49): Illuminate\Foundation\Application->run()
#35 E:\EDRootAnalytics\wEB\qdbwrite\server.php(19): require_once('E:\EDRootAnalyt...')
#36 {main}

Next exception 'Illuminate\Database\QueryException' with message 'SQLSTATE[42S02]: Base table or view not found: 1146 Table 'qdbwrite.users' doesn't exist (SQL: select * from `users` where `email` = as limit 1)' in E:\EDRootAnalytics\wEB\qdbwrite\vendor\laravel\framework\src\Illuminate\Database\Connection.php:625
Stack trace:
#0 E:\EDRootAnalytics\wEB\qdbwrite\vendor\laravel\framework\src\Illuminate\Database\Connection.php(581): Illuminate\Database\Connection->runQueryCallback('select * from `...', Array, Object(Closure))
#1 E:\EDRootAnalytics\wEB\qdbwrite\vendor\laravel\framework\src\Illuminate\Database\Connection.php(304): Illuminate\Database\Connection->run('select * from `...', Array, Object(Closure))
#2 E:\EDRootAnalytics\wEB\qdbwrite\vendor\laravel\framework\src\Illuminate\Database\Query\Builder.php(1359): Illuminate\Database\Connection->select('select * from `...', Array)
#3 E:\EDRootAnalytics\wEB\qdbwrite\vendor\laravel\framework\src\Illuminate\Database\Query\Builder.php(1349): Illuminate\Database\Query\Builder->runSelect()
#4 E:\EDRootAnalytics\wEB\qdbwrite\vendor\laravel\framework\src\Illuminate\Database\Query\Builder.php(1336): Illuminate\Database\Query\Builder->getFresh(Array)
#5 E:\EDRootAnalytics\wEB\qdbwrite\vendor\laravel\framework\src\Illuminate\Database\Eloquent\Builder.php(415): Illuminate\Database\Query\Builder->get(Array)
#6 E:\EDRootAnalytics\wEB\qdbwrite\vendor\laravel\framework\src\Illuminate\Database\Eloquent\Builder.php(151): Illuminate\Database\Eloquent\Builder->getModels(Array)
#7 E:\EDRootAnalytics\wEB\qdbwrite\vendor\laravel\framework\src\Illuminate\Database\Eloquent\Builder.php(125): Illuminate\Database\Eloquent\Builder->get(Array)
#8 E:\EDRootAnalytics\wEB\qdbwrite\vendor\laravel\framework\src\Illuminate\Auth\EloquentUserProvider.php(94): Illuminate\Database\Eloquent\Builder->first()
#9 E:\EDRootAnalytics\wEB\qdbwrite\vendor\laravel\framework\src\Illuminate\Auth\Guard.php(347): Illuminate\Auth\EloquentUserProvider->retrieveByCredentials(Array)
#10 [internal function]: Illuminate\Auth\Guard->attempt(Array)
#11 E:\EDRootAnalytics\wEB\qdbwrite\bootstrap\compiled.php(8238): call_user_func_array(Array, Array)
#12 E:\EDRootAnalytics\wEB\qdbwrite\bootstrap\compiled.php(3243): Illuminate\Support\Manager->__call('attempt', Array)
#13 E:\EDRootAnalytics\wEB\qdbwrite\bootstrap\compiled.php(3243): Illuminate\Auth\AuthManager->attempt(Array)
#14 E:\EDRootAnalytics\wEB\qdbwrite\app\controllers\AuthController.php(19): Illuminate\Support\Facades\Facade::__callStatic('attempt', Array)
#15 E:\EDRootAnalytics\wEB\qdbwrite\app\controllers\AuthController.php(19): Illuminate\Support\Facades\Auth::attempt(Array)
#16 [internal function]: AuthController->login()
#17 E:\EDRootAnalytics\wEB\qdbwrite\vendor\laravel\framework\src\Illuminate\Routing\Controller.php(231): call_user_func_array(Array, Array)
#18 E:\EDRootAnalytics\wEB\qdbwrite\bootstrap\compiled.php(5799): Illuminate\Routing\Controller->callAction('login', Array)
#19 E:\EDRootAnalytics\wEB\qdbwrite\bootstrap\compiled.php(5787): Illuminate\Routing\ControllerDispatcher->call(Object(AuthController), Object(Illuminate\Routing\Route), 'login')
#20 E:\EDRootAnalytics\wEB\qdbwrite\bootstrap\compiled.php(4986): Illuminate\Routing\ControllerDispatcher->dispatch(Object(Illuminate\Routing\Route), Object(Illuminate\Http\Request), 'AuthController', 'login')
#21 [internal function]: Illuminate\Routing\Router->Illuminate\Routing\{closure}()
#22 E:\EDRootAnalytics\wEB\qdbwrite\bootstrap\compiled.php(5345): call_user_func_array(Object(Closure), Array)
#23 E:\EDRootAnalytics\wEB\qdbwrite\bootstrap\compiled.php(5011): Illuminate\Routing\Route->run(Object(Illuminate\Http\Request))
#24 E:\EDRootAnalytics\wEB\qdbwrite\bootstrap\compiled.php(4999): Illuminate\Routing\Router->dispatchToRoute(Object(Illuminate\Http\Request))
#25 E:\EDRootAnalytics\wEB\qdbwrite\bootstrap\compiled.php(722): Illuminate\Routing\Router->dispatch(Object(Illuminate\Http\Request))
#26 E:\EDRootAnalytics\wEB\qdbwrite\bootstrap\compiled.php(703): Illuminate\Foundation\Application->dispatch(Object(Illuminate\Http\Request))
#27 E:\EDRootAnalytics\wEB\qdbwrite\bootstrap\compiled.php(7763): Illuminate\Foundation\Application->handle(Object(Illuminate\Http\Request), 1, true)
#28 E:\EDRootAnalytics\wEB\qdbwrite\bootstrap\compiled.php(8370): Illuminate\Session\Middleware->handle(Object(Illuminate\Http\Request), 1, true)
#29 E:\EDRootAnalytics\wEB\qdbwrite\bootstrap\compiled.php(8317): Illuminate\Cookie\Queue->handle(Object(Illuminate\Http\Request), 1, true)
#30 E:\EDRootAnalytics\wEB\qdbwrite\bootstrap\compiled.php(10955): Illuminate\Cookie\Guard->handle(Object(Illuminate\Http\Request), 1, true)
#31 E:\EDRootAnalytics\wEB\qdbwrite\bootstrap\compiled.php(664): Stack\StackedHttpKernel->handle(Object(Illuminate\Http\Request))
#32 E:\EDRootAnalytics\wEB\qdbwrite\public\index.php(49): Illuminate\Foundation\Application->run()
#33 E:\EDRootAnalytics\wEB\qdbwrite\server.php(19): require_once('E:\EDRootAnalyt...')
#34 {main} [] []
[2014-09-19 20:36:46] production.ERROR: exception 'PDOException' with message 'SQLSTATE[42S02]: Base table or view not found: 1146 Table 'qdbwrite.users' doesn't exist' in E:\EDRootAnalytics\wEB\qdbwrite\vendor\laravel\framework\src\Illuminate\Database\Connection.php:299
Stack trace:
#0 E:\EDRootAnalytics\wEB\qdbwrite\vendor\laravel\framework\src\Illuminate\Database\Connection.php(299): PDO->prepare('select * from `...')
#1 E:\EDRootAnalytics\wEB\qdbwrite\vendor\laravel\framework\src\Illuminate\Database\Connection.php(617): Illuminate\Database\Connection->Illuminate\Database\{closure}(Object(Illuminate\Database\MySqlConnection), 'select * from `...', Array)
#2 E:\EDRootAnalytics\wEB\qdbwrite\vendor\laravel\framework\src\Illuminate\Database\Connection.php(581): Illuminate\Database\Connection->runQueryCallback('select * from `...', Array, Object(Closure))
#3 E:\EDRootAnalytics\wEB\qdbwrite\vendor\laravel\framework\src\Illuminate\Database\Connection.php(304): Illuminate\Database\Connection->run('select * from `...', Array, Object(Closure))
#4 E:\EDRootAnalytics\wEB\qdbwrite\vendor\laravel\framework\src\Illuminate\Database\Query\Builder.php(1359): Illuminate\Database\Connection->select('select * from `...', Array)
#5 E:\EDRootAnalytics\wEB\qdbwrite\vendor\laravel\framework\src\Illuminate\Database\Query\Builder.php(1349): Illuminate\Database\Query\Builder->runSelect()
#6 E:\EDRootAnalytics\wEB\qdbwrite\vendor\laravel\framework\src\Illuminate\Database\Query\Builder.php(1336): Illuminate\Database\Query\Builder->getFresh(Array)
#7 E:\EDRootAnalytics\wEB\qdbwrite\vendor\laravel\framework\src\Illuminate\Database\Eloquent\Builder.php(415): Illuminate\Database\Query\Builder->get(Array)
#8 E:\EDRootAnalytics\wEB\qdbwrite\vendor\laravel\framework\src\Illuminate\Database\Eloquent\Builder.php(151): Illuminate\Database\Eloquent\Builder->getModels(Array)
#9 E:\EDRootAnalytics\wEB\qdbwrite\vendor\laravel\framework\src\Illuminate\Database\Eloquent\Builder.php(125): Illuminate\Database\Eloquent\Builder->get(Array)
#10 E:\EDRootAnalytics\wEB\qdbwrite\vendor\laravel\framework\src\Illuminate\Auth\EloquentUserProvider.php(94): Illuminate\Database\Eloquent\Builder->first()
#11 E:\EDRootAnalytics\wEB\qdbwrite\vendor\laravel\framework\src\Illuminate\Auth\Guard.php(347): Illuminate\Auth\EloquentUserProvider->retrieveByCredentials(Array)
#12 [internal function]: Illuminate\Auth\Guard->attempt(Array)
#13 E:\EDRootAnalytics\wEB\qdbwrite\bootstrap\compiled.php(8238): call_user_func_array(Array, Array)
#14 E:\EDRootAnalytics\wEB\qdbwrite\bootstrap\compiled.php(3243): Illuminate\Support\Manager->__call('attempt', Array)
#15 E:\EDRootAnalytics\wEB\qdbwrite\bootstrap\compiled.php(3243): Illuminate\Auth\AuthManager->attempt(Array)
#16 E:\EDRootAnalytics\wEB\qdbwrite\app\controllers\AuthController.php(19): Illuminate\Support\Facades\Facade::__callStatic('attempt', Array)
#17 E:\EDRootAnalytics\wEB\qdbwrite\app\controllers\AuthController.php(19): Illuminate\Support\Facades\Auth::attempt(Array)
#18 [internal function]: AuthController->login()
#19 E:\EDRootAnalytics\wEB\qdbwrite\vendor\laravel\framework\src\Illuminate\Routing\Controller.php(231): call_user_func_array(Array, Array)
#20 E:\EDRootAnalytics\wEB\qdbwrite\bootstrap\compiled.php(5799): Illuminate\Routing\Controller->callAction('login', Array)
#21 E:\EDRootAnalytics\wEB\qdbwrite\bootstrap\compiled.php(5787): Illuminate\Routing\ControllerDispatcher->call(Object(AuthController), Object(Illuminate\Routing\Route), 'login')
#22 E:\EDRootAnalytics\wEB\qdbwrite\bootstrap\compiled.php(4986): Illuminate\Routing\ControllerDispatcher->dispatch(Object(Illuminate\Routing\Route), Object(Illuminate\Http\Request), 'AuthController', 'login')
#23 [internal function]: Illuminate\Routing\Router->Illuminate\Routing\{closure}()
#24 E:\EDRootAnalytics\wEB\qdbwrite\bootstrap\compiled.php(5345): call_user_func_array(Object(Closure), Array)
#25 E:\EDRootAnalytics\wEB\qdbwrite\bootstrap\compiled.php(5011): Illuminate\Routing\Route->run(Object(Illuminate\Http\Request))
#26 E:\EDRootAnalytics\wEB\qdbwrite\bootstrap\compiled.php(4999): Illuminate\Routing\Router->dispatchToRoute(Object(Illuminate\Http\Request))
#27 E:\EDRootAnalytics\wEB\qdbwrite\bootstrap\compiled.php(722): Illuminate\Routing\Router->dispatch(Object(Illuminate\Http\Request))
#28 E:\EDRootAnalytics\wEB\qdbwrite\bootstrap\compiled.php(703): Illuminate\Foundation\Application->dispatch(Object(Illuminate\Http\Request))
#29 E:\EDRootAnalytics\wEB\qdbwrite\bootstrap\compiled.php(7763): Illuminate\Foundation\Application->handle(Object(Illuminate\Http\Request), 1, true)
#30 E:\EDRootAnalytics\wEB\qdbwrite\bootstrap\compiled.php(8370): Illuminate\Session\Middleware->handle(Object(Illuminate\Http\Request), 1, true)
#31 E:\EDRootAnalytics\wEB\qdbwrite\bootstrap\compiled.php(8317): Illuminate\Cookie\Queue->handle(Object(Illuminate\Http\Request), 1, true)
#32 E:\EDRootAnalytics\wEB\qdbwrite\bootstrap\compiled.php(10955): Illuminate\Cookie\Guard->handle(Object(Illuminate\Http\Request), 1, true)
#33 E:\EDRootAnalytics\wEB\qdbwrite\bootstrap\compiled.php(664): Stack\StackedHttpKernel->handle(Object(Illuminate\Http\Request))
#34 E:\EDRootAnalytics\wEB\qdbwrite\public\index.php(49): Illuminate\Foundation\Application->run()
#35 E:\EDRootAnalytics\wEB\qdbwrite\server.php(19): require_once('E:\EDRootAnalyt...')
#36 {main}

Next exception 'Illuminate\Database\QueryException' with message 'SQLSTATE[42S02]: Base table or view not found: 1146 Table 'qdbwrite.users' doesn't exist (SQL: select * from `users` where `email` = as limit 1)' in E:\EDRootAnalytics\wEB\qdbwrite\vendor\laravel\framework\src\Illuminate\Database\Connection.php:625
Stack trace:
#0 E:\EDRootAnalytics\wEB\qdbwrite\vendor\laravel\framework\src\Illuminate\Database\Connection.php(581): Illuminate\Database\Connection->runQueryCallback('select * from `...', Array, Object(Closure))
#1 E:\EDRootAnalytics\wEB\qdbwrite\vendor\laravel\framework\src\Illuminate\Database\Connection.php(304): Illuminate\Database\Connection->run('select * from `...', Array, Object(Closure))
#2 E:\EDRootAnalytics\wEB\qdbwrite\vendor\laravel\framework\src\Illuminate\Database\Query\Builder.php(1359): Illuminate\Database\Connection->select('select * from `...', Array)
#3 E:\EDRootAnalytics\wEB\qdbwrite\vendor\laravel\framework\src\Illuminate\Database\Query\Builder.php(1349): Illuminate\Database\Query\Builder->runSelect()
#4 E:\EDRootAnalytics\wEB\qdbwrite\vendor\laravel\framework\src\Illuminate\Database\Query\Builder.php(1336): Illuminate\Database\Query\Builder->getFresh(Array)
#5 E:\EDRootAnalytics\wEB\qdbwrite\vendor\laravel\framework\src\Illuminate\Database\Eloquent\Builder.php(415): Illuminate\Database\Query\Builder->get(Array)
#6 E:\EDRootAnalytics\wEB\qdbwrite\vendor\laravel\framework\src\Illuminate\Database\Eloquent\Builder.php(151): Illuminate\Database\Eloquent\Builder->getModels(Array)
#7 E:\EDRootAnalytics\wEB\qdbwrite\vendor\laravel\framework\src\Illuminate\Database\Eloquent\Builder.php(125): Illuminate\Database\Eloquent\Builder->get(Array)
#8 E:\EDRootAnalytics\wEB\qdbwrite\vendor\laravel\framework\src\Illuminate\Auth\EloquentUserProvider.php(94): Illuminate\Database\Eloquent\Builder->first()
#9 E:\EDRootAnalytics\wEB\qdbwrite\vendor\laravel\framework\src\Illuminate\Auth\Guard.php(347): Illuminate\Auth\EloquentUserProvider->retrieveByCredentials(Array)
#10 [internal function]: Illuminate\Auth\Guard->attempt(Array)
#11 E:\EDRootAnalytics\wEB\qdbwrite\bootstrap\compiled.php(8238): call_user_func_array(Array, Array)
#12 E:\EDRootAnalytics\wEB\qdbwrite\bootstrap\compiled.php(3243): Illuminate\Support\Manager->__call('attempt', Array)
#13 E:\EDRootAnalytics\wEB\qdbwrite\bootstrap\compiled.php(3243): Illuminate\Auth\AuthManager->attempt(Array)
#14 E:\EDRootAnalytics\wEB\qdbwrite\app\controllers\AuthController.php(19): Illuminate\Support\Facades\Facade::__callStatic('attempt', Array)
#15 E:\EDRootAnalytics\wEB\qdbwrite\app\controllers\AuthController.php(19): Illuminate\Support\Facades\Auth::attempt(Array)
#16 [internal function]: AuthController->login()
#17 E:\EDRootAnalytics\wEB\qdbwrite\vendor\laravel\framework\src\Illuminate\Routing\Controller.php(231): call_user_func_array(Array, Array)
#18 E:\EDRootAnalytics\wEB\qdbwrite\bootstrap\compiled.php(5799): Illuminate\Routing\Controller->callAction('login', Array)
#19 E:\EDRootAnalytics\wEB\qdbwrite\bootstrap\compiled.php(5787): Illuminate\Routing\ControllerDispatcher->call(Object(AuthController), Object(Illuminate\Routing\Route), 'login')
#20 E:\EDRootAnalytics\wEB\qdbwrite\bootstrap\compiled.php(4986): Illuminate\Routing\ControllerDispatcher->dispatch(Object(Illuminate\Routing\Route), Object(Illuminate\Http\Request), 'AuthController', 'login')
#21 [internal function]: Illuminate\Routing\Router->Illuminate\Routing\{closure}()
#22 E:\EDRootAnalytics\wEB\qdbwrite\bootstrap\compiled.php(5345): call_user_func_array(Object(Closure), Array)
#23 E:\EDRootAnalytics\wEB\qdbwrite\bootstrap\compiled.php(5011): Illuminate\Routing\Route->run(Object(Illuminate\Http\Request))
#24 E:\EDRootAnalytics\wEB\qdbwrite\bootstrap\compiled.php(4999): Illuminate\Routing\Router->dispatchToRoute(Object(Illuminate\Http\Request))
#25 E:\EDRootAnalytics\wEB\qdbwrite\bootstrap\compiled.php(722): Illuminate\Routing\Router->dispatch(Object(Illuminate\Http\Request))
#26 E:\EDRootAnalytics\wEB\qdbwrite\bootstrap\compiled.php(703): Illuminate\Foundation\Application->dispatch(Object(Illuminate\Http\Request))
#27 E:\EDRootAnalytics\wEB\qdbwrite\bootstrap\compiled.php(7763): Illuminate\Foundation\Application->handle(Object(Illuminate\Http\Request), 1, true)
#28 E:\EDRootAnalytics\wEB\qdbwrite\bootstrap\compiled.php(8370): Illuminate\Session\Middleware->handle(Object(Illuminate\Http\Request), 1, true)
#29 E:\EDRootAnalytics\wEB\qdbwrite\bootstrap\compiled.php(8317): Illuminate\Cookie\Queue->handle(Object(Illuminate\Http\Request), 1, true)
#30 E:\EDRootAnalytics\wEB\qdbwrite\bootstrap\compiled.php(10955): Illuminate\Cookie\Guard->handle(Object(Illuminate\Http\Request), 1, true)
#31 E:\EDRootAnalytics\wEB\qdbwrite\bootstrap\compiled.php(664): Stack\StackedHttpKernel->handle(Object(Illuminate\Http\Request))
#32 E:\EDRootAnalytics\wEB\qdbwrite\public\index.php(49): Illuminate\Foundation\Application->run()
#33 E:\EDRootAnalytics\wEB\qdbwrite\server.php(19): require_once('E:\EDRootAnalyt...')
#34 {main} [] []
[2014-09-19 20:36:47] production.ERROR: exception 'PDOException' with message 'SQLSTATE[42S02]: Base table or view not found: 1146 Table 'qdbwrite.users' doesn't exist' in E:\EDRootAnalytics\wEB\qdbwrite\vendor\laravel\framework\src\Illuminate\Database\Connection.php:299
Stack trace:
#0 E:\EDRootAnalytics\wEB\qdbwrite\vendor\laravel\framework\src\Illuminate\Database\Connection.php(299): PDO->prepare('select * from `...')
#1 E:\EDRootAnalytics\wEB\qdbwrite\vendor\laravel\framework\src\Illuminate\Database\Connection.php(617): Illuminate\Database\Connection->Illuminate\Database\{closure}(Object(Illuminate\Database\MySqlConnection), 'select * from `...', Array)
#2 E:\EDRootAnalytics\wEB\qdbwrite\vendor\laravel\framework\src\Illuminate\Database\Connection.php(581): Illuminate\Database\Connection->runQueryCallback('select * from `...', Array, Object(Closure))
#3 E:\EDRootAnalytics\wEB\qdbwrite\vendor\laravel\framework\src\Illuminate\Database\Connection.php(304): Illuminate\Database\Connection->run('select * from `...', Array, Object(Closure))
#4 E:\EDRootAnalytics\wEB\qdbwrite\vendor\laravel\framework\src\Illuminate\Database\Query\Builder.php(1359): Illuminate\Database\Connection->select('select * from `...', Array)
#5 E:\EDRootAnalytics\wEB\qdbwrite\vendor\laravel\framework\src\Illuminate\Database\Query\Builder.php(1349): Illuminate\Database\Query\Builder->runSelect()
#6 E:\EDRootAnalytics\wEB\qdbwrite\vendor\laravel\framework\src\Illuminate\Database\Query\Builder.php(1336): Illuminate\Database\Query\Builder->getFresh(Array)
#7 E:\EDRootAnalytics\wEB\qdbwrite\vendor\laravel\framework\src\Illuminate\Database\Eloquent\Builder.php(415): Illuminate\Database\Query\Builder->get(Array)
#8 E:\EDRootAnalytics\wEB\qdbwrite\vendor\laravel\framework\src\Illuminate\Database\Eloquent\Builder.php(151): Illuminate\Database\Eloquent\Builder->getModels(Array)
#9 E:\EDRootAnalytics\wEB\qdbwrite\vendor\laravel\framework\src\Illuminate\Database\Eloquent\Builder.php(125): Illuminate\Database\Eloquent\Builder->get(Array)
#10 E:\EDRootAnalytics\wEB\qdbwrite\vendor\laravel\framework\src\Illuminate\Auth\EloquentUserProvider.php(94): Illuminate\Database\Eloquent\Builder->first()
#11 E:\EDRootAnalytics\wEB\qdbwrite\vendor\laravel\framework\src\Illuminate\Auth\Guard.php(347): Illuminate\Auth\EloquentUserProvider->retrieveByCredentials(Array)
#12 [internal function]: Illuminate\Auth\Guard->attempt(Array)
#13 E:\EDRootAnalytics\wEB\qdbwrite\bootstrap\compiled.php(8238): call_user_func_array(Array, Array)
#14 E:\EDRootAnalytics\wEB\qdbwrite\bootstrap\compiled.php(3243): Illuminate\Support\Manager->__call('attempt', Array)
#15 E:\EDRootAnalytics\wEB\qdbwrite\bootstrap\compiled.php(3243): Illuminate\Auth\AuthManager->attempt(Array)
#16 E:\EDRootAnalytics\wEB\qdbwrite\app\controllers\AuthController.php(19): Illuminate\Support\Facades\Facade::__callStatic('attempt', Array)
#17 E:\EDRootAnalytics\wEB\qdbwrite\app\controllers\AuthController.php(19): Illuminate\Support\Facades\Auth::attempt(Array)
#18 [internal function]: AuthController->login()
#19 E:\EDRootAnalytics\wEB\qdbwrite\vendor\laravel\framework\src\Illuminate\Routing\Controller.php(231): call_user_func_array(Array, Array)
#20 E:\EDRootAnalytics\wEB\qdbwrite\bootstrap\compiled.php(5799): Illuminate\Routing\Controller->callAction('login', Array)
#21 E:\EDRootAnalytics\wEB\qdbwrite\bootstrap\compiled.php(5787): Illuminate\Routing\ControllerDispatcher->call(Object(AuthController), Object(Illuminate\Routing\Route), 'login')
#22 E:\EDRootAnalytics\wEB\qdbwrite\bootstrap\compiled.php(4986): Illuminate\Routing\ControllerDispatcher->dispatch(Object(Illuminate\Routing\Route), Object(Illuminate\Http\Request), 'AuthController', 'login')
#23 [internal function]: Illuminate\Routing\Router->Illuminate\Routing\{closure}()
#24 E:\EDRootAnalytics\wEB\qdbwrite\bootstrap\compiled.php(5345): call_user_func_array(Object(Closure), Array)
#25 E:\EDRootAnalytics\wEB\qdbwrite\bootstrap\compiled.php(5011): Illuminate\Routing\Route->run(Object(Illuminate\Http\Request))
#26 E:\EDRootAnalytics\wEB\qdbwrite\bootstrap\compiled.php(4999): Illuminate\Routing\Router->dispatchToRoute(Object(Illuminate\Http\Request))
#27 E:\EDRootAnalytics\wEB\qdbwrite\bootstrap\compiled.php(722): Illuminate\Routing\Router->dispatch(Object(Illuminate\Http\Request))
#28 E:\EDRootAnalytics\wEB\qdbwrite\bootstrap\compiled.php(703): Illuminate\Foundation\Application->dispatch(Object(Illuminate\Http\Request))
#29 E:\EDRootAnalytics\wEB\qdbwrite\bootstrap\compiled.php(7763): Illuminate\Foundation\Application->handle(Object(Illuminate\Http\Request), 1, true)
#30 E:\EDRootAnalytics\wEB\qdbwrite\bootstrap\compiled.php(8370): Illuminate\Session\Middleware->handle(Object(Illuminate\Http\Request), 1, true)
#31 E:\EDRootAnalytics\wEB\qdbwrite\bootstrap\compiled.php(8317): Illuminate\Cookie\Queue->handle(Object(Illuminate\Http\Request), 1, true)
#32 E:\EDRootAnalytics\wEB\qdbwrite\bootstrap\compiled.php(10955): Illuminate\Cookie\Guard->handle(Object(Illuminate\Http\Request), 1, true)
#33 E:\EDRootAnalytics\wEB\qdbwrite\bootstrap\compiled.php(664): Stack\StackedHttpKernel->handle(Object(Illuminate\Http\Request))
#34 E:\EDRootAnalytics\wEB\qdbwrite\public\index.php(49): Illuminate\Foundation\Application->run()
#35 E:\EDRootAnalytics\wEB\qdbwrite\server.php(19): require_once('E:\EDRootAnalyt...')
#36 {main}

Next exception 'Illuminate\Database\QueryException' with message 'SQLSTATE[42S02]: Base table or view not found: 1146 Table 'qdbwrite.users' doesn't exist (SQL: select * from `users` where `email` = as limit 1)' in E:\EDRootAnalytics\wEB\qdbwrite\vendor\laravel\framework\src\Illuminate\Database\Connection.php:625
Stack trace:
#0 E:\EDRootAnalytics\wEB\qdbwrite\vendor\laravel\framework\src\Illuminate\Database\Connection.php(581): Illuminate\Database\Connection->runQueryCallback('select * from `...', Array, Object(Closure))
#1 E:\EDRootAnalytics\wEB\qdbwrite\vendor\laravel\framework\src\Illuminate\Database\Connection.php(304): Illuminate\Database\Connection->run('select * from `...', Array, Object(Closure))
#2 E:\EDRootAnalytics\wEB\qdbwrite\vendor\laravel\framework\src\Illuminate\Database\Query\Builder.php(1359): Illuminate\Database\Connection->select('select * from `...', Array)
#3 E:\EDRootAnalytics\wEB\qdbwrite\vendor\laravel\framework\src\Illuminate\Database\Query\Builder.php(1349): Illuminate\Database\Query\Builder->runSelect()
#4 E:\EDRootAnalytics\wEB\qdbwrite\vendor\laravel\framework\src\Illuminate\Database\Query\Builder.php(1336): Illuminate\Database\Query\Builder->getFresh(Array)
#5 E:\EDRootAnalytics\wEB\qdbwrite\vendor\laravel\framework\src\Illuminate\Database\Eloquent\Builder.php(415): Illuminate\Database\Query\Builder->get(Array)
#6 E:\EDRootAnalytics\wEB\qdbwrite\vendor\laravel\framework\src\Illuminate\Database\Eloquent\Builder.php(151): Illuminate\Database\Eloquent\Builder->getModels(Array)
#7 E:\EDRootAnalytics\wEB\qdbwrite\vendor\laravel\framework\src\Illuminate\Database\Eloquent\Builder.php(125): Illuminate\Database\Eloquent\Builder->get(Array)
#8 E:\EDRootAnalytics\wEB\qdbwrite\vendor\laravel\framework\src\Illuminate\Auth\EloquentUserProvider.php(94): Illuminate\Database\Eloquent\Builder->first()
#9 E:\EDRootAnalytics\wEB\qdbwrite\vendor\laravel\framework\src\Illuminate\Auth\Guard.php(347): Illuminate\Auth\EloquentUserProvider->retrieveByCredentials(Array)
#10 [internal function]: Illuminate\Auth\Guard->attempt(Array)
#11 E:\EDRootAnalytics\wEB\qdbwrite\bootstrap\compiled.php(8238): call_user_func_array(Array, Array)
#12 E:\EDRootAnalytics\wEB\qdbwrite\bootstrap\compiled.php(3243): Illuminate\Support\Manager->__call('attempt', Array)
#13 E:\EDRootAnalytics\wEB\qdbwrite\bootstrap\compiled.php(3243): Illuminate\Auth\AuthManager->attempt(Array)
#14 E:\EDRootAnalytics\wEB\qdbwrite\app\controllers\AuthController.php(19): Illuminate\Support\Facades\Facade::__callStatic('attempt', Array)
#15 E:\EDRootAnalytics\wEB\qdbwrite\app\controllers\AuthController.php(19): Illuminate\Support\Facades\Auth::attempt(Array)
#16 [internal function]: AuthController->login()
#17 E:\EDRootAnalytics\wEB\qdbwrite\vendor\laravel\framework\src\Illuminate\Routing\Controller.php(231): call_user_func_array(Array, Array)
#18 E:\EDRootAnalytics\wEB\qdbwrite\bootstrap\compiled.php(5799): Illuminate\Routing\Controller->callAction('login', Array)
#19 E:\EDRootAnalytics\wEB\qdbwrite\bootstrap\compiled.php(5787): Illuminate\Routing\ControllerDispatcher->call(Object(AuthController), Object(Illuminate\Routing\Route), 'login')
#20 E:\EDRootAnalytics\wEB\qdbwrite\bootstrap\compiled.php(4986): Illuminate\Routing\ControllerDispatcher->dispatch(Object(Illuminate\Routing\Route), Object(Illuminate\Http\Request), 'AuthController', 'login')
#21 [internal function]: Illuminate\Routing\Router->Illuminate\Routing\{closure}()
#22 E:\EDRootAnalytics\wEB\qdbwrite\bootstrap\compiled.php(5345): call_user_func_array(Object(Closure), Array)
#23 E:\EDRootAnalytics\wEB\qdbwrite\bootstrap\compiled.php(5011): Illuminate\Routing\Route->run(Object(Illuminate\Http\Request))
#24 E:\EDRootAnalytics\wEB\qdbwrite\bootstrap\compiled.php(4999): Illuminate\Routing\Router->dispatchToRoute(Object(Illuminate\Http\Request))
#25 E:\EDRootAnalytics\wEB\qdbwrite\bootstrap\compiled.php(722): Illuminate\Routing\Router->dispatch(Object(Illuminate\Http\Request))
#26 E:\EDRootAnalytics\wEB\qdbwrite\bootstrap\compiled.php(703): Illuminate\Foundation\Application->dispatch(Object(Illuminate\Http\Request))
#27 E:\EDRootAnalytics\wEB\qdbwrite\bootstrap\compiled.php(7763): Illuminate\Foundation\Application->handle(Object(Illuminate\Http\Request), 1, true)
#28 E:\EDRootAnalytics\wEB\qdbwrite\bootstrap\compiled.php(8370): Illuminate\Session\Middleware->handle(Object(Illuminate\Http\Request), 1, true)
#29 E:\EDRootAnalytics\wEB\qdbwrite\bootstrap\compiled.php(8317): Illuminate\Cookie\Queue->handle(Object(Illuminate\Http\Request), 1, true)
#30 E:\EDRootAnalytics\wEB\qdbwrite\bootstrap\compiled.php(10955): Illuminate\Cookie\Guard->handle(Object(Illuminate\Http\Request), 1, true)
#31 E:\EDRootAnalytics\wEB\qdbwrite\bootstrap\compiled.php(664): Stack\StackedHttpKernel->handle(Object(Illuminate\Http\Request))
#32 E:\EDRootAnalytics\wEB\qdbwrite\public\index.php(49): Illuminate\Foundation\Application->run()
#33 E:\EDRootAnalytics\wEB\qdbwrite\server.php(19): require_once('E:\EDRootAnalyt...')
#34 {main} [] []
[2014-09-19 20:37:18] production.ERROR: exception 'PDOException' with message 'SQLSTATE[42S02]: Base table or view not found: 1146 Table 'qdbwrite.users' doesn't exist' in E:\EDRootAnalytics\wEB\qdbwrite\vendor\laravel\framework\src\Illuminate\Database\Connection.php:299
Stack trace:
#0 E:\EDRootAnalytics\wEB\qdbwrite\vendor\laravel\framework\src\Illuminate\Database\Connection.php(299): PDO->prepare('select * from `...')
#1 E:\EDRootAnalytics\wEB\qdbwrite\vendor\laravel\framework\src\Illuminate\Database\Connection.php(617): Illuminate\Database\Connection->Illuminate\Database\{closure}(Object(Illuminate\Database\MySqlConnection), 'select * from `...', Array)
#2 E:\EDRootAnalytics\wEB\qdbwrite\vendor\laravel\framework\src\Illuminate\Database\Connection.php(581): Illuminate\Database\Connection->runQueryCallback('select * from `...', Array, Object(Closure))
#3 E:\EDRootAnalytics\wEB\qdbwrite\vendor\laravel\framework\src\Illuminate\Database\Connection.php(304): Illuminate\Database\Connection->run('select * from `...', Array, Object(Closure))
#4 E:\EDRootAnalytics\wEB\qdbwrite\vendor\laravel\framework\src\Illuminate\Database\Query\Builder.php(1359): Illuminate\Database\Connection->select('select * from `...', Array)
#5 E:\EDRootAnalytics\wEB\qdbwrite\vendor\laravel\framework\src\Illuminate\Database\Query\Builder.php(1349): Illuminate\Database\Query\Builder->runSelect()
#6 E:\EDRootAnalytics\wEB\qdbwrite\vendor\laravel\framework\src\Illuminate\Database\Query\Builder.php(1336): Illuminate\Database\Query\Builder->getFresh(Array)
#7 E:\EDRootAnalytics\wEB\qdbwrite\vendor\laravel\framework\src\Illuminate\Database\Eloquent\Builder.php(415): Illuminate\Database\Query\Builder->get(Array)
#8 E:\EDRootAnalytics\wEB\qdbwrite\vendor\laravel\framework\src\Illuminate\Database\Eloquent\Builder.php(151): Illuminate\Database\Eloquent\Builder->getModels(Array)
#9 E:\EDRootAnalytics\wEB\qdbwrite\vendor\laravel\framework\src\Illuminate\Database\Eloquent\Builder.php(125): Illuminate\Database\Eloquent\Builder->get(Array)
#10 E:\EDRootAnalytics\wEB\qdbwrite\vendor\laravel\framework\src\Illuminate\Auth\EloquentUserProvider.php(94): Illuminate\Database\Eloquent\Builder->first()
#11 E:\EDRootAnalytics\wEB\qdbwrite\vendor\laravel\framework\src\Illuminate\Auth\Guard.php(347): Illuminate\Auth\EloquentUserProvider->retrieveByCredentials(Array)
#12 [internal function]: Illuminate\Auth\Guard->attempt(Array)
#13 E:\EDRootAnalytics\wEB\qdbwrite\bootstrap\compiled.php(8238): call_user_func_array(Array, Array)
#14 E:\EDRootAnalytics\wEB\qdbwrite\bootstrap\compiled.php(3243): Illuminate\Support\Manager->__call('attempt', Array)
#15 E:\EDRootAnalytics\wEB\qdbwrite\bootstrap\compiled.php(3243): Illuminate\Auth\AuthManager->attempt(Array)
#16 E:\EDRootAnalytics\wEB\qdbwrite\app\controllers\AuthController.php(19): Illuminate\Support\Facades\Facade::__callStatic('attempt', Array)
#17 E:\EDRootAnalytics\wEB\qdbwrite\app\controllers\AuthController.php(19): Illuminate\Support\Facades\Auth::attempt(Array)
#18 [internal function]: AuthController->login()
#19 E:\EDRootAnalytics\wEB\qdbwrite\vendor\laravel\framework\src\Illuminate\Routing\Controller.php(231): call_user_func_array(Array, Array)
#20 E:\EDRootAnalytics\wEB\qdbwrite\bootstrap\compiled.php(5799): Illuminate\Routing\Controller->callAction('login', Array)
#21 E:\EDRootAnalytics\wEB\qdbwrite\bootstrap\compiled.php(5787): Illuminate\Routing\ControllerDispatcher->call(Object(AuthController), Object(Illuminate\Routing\Route), 'login')
#22 E:\EDRootAnalytics\wEB\qdbwrite\bootstrap\compiled.php(4986): Illuminate\Routing\ControllerDispatcher->dispatch(Object(Illuminate\Routing\Route), Object(Illuminate\Http\Request), 'AuthController', 'login')
#23 [internal function]: Illuminate\Routing\Router->Illuminate\Routing\{closure}()
#24 E:\EDRootAnalytics\wEB\qdbwrite\bootstrap\compiled.php(5345): call_user_func_array(Object(Closure), Array)
#25 E:\EDRootAnalytics\wEB\qdbwrite\bootstrap\compiled.php(5011): Illuminate\Routing\Route->run(Object(Illuminate\Http\Request))
#26 E:\EDRootAnalytics\wEB\qdbwrite\bootstrap\compiled.php(4999): Illuminate\Routing\Router->dispatchToRoute(Object(Illuminate\Http\Request))
#27 E:\EDRootAnalytics\wEB\qdbwrite\bootstrap\compiled.php(722): Illuminate\Routing\Router->dispatch(Object(Illuminate\Http\Request))
#28 E:\EDRootAnalytics\wEB\qdbwrite\bootstrap\compiled.php(703): Illuminate\Foundation\Application->dispatch(Object(Illuminate\Http\Request))
#29 E:\EDRootAnalytics\wEB\qdbwrite\bootstrap\compiled.php(7763): Illuminate\Foundation\Application->handle(Object(Illuminate\Http\Request), 1, true)
#30 E:\EDRootAnalytics\wEB\qdbwrite\bootstrap\compiled.php(8370): Illuminate\Session\Middleware->handle(Object(Illuminate\Http\Request), 1, true)
#31 E:\EDRootAnalytics\wEB\qdbwrite\bootstrap\compiled.php(8317): Illuminate\Cookie\Queue->handle(Object(Illuminate\Http\Request), 1, true)
#32 E:\EDRootAnalytics\wEB\qdbwrite\bootstrap\compiled.php(10955): Illuminate\Cookie\Guard->handle(Object(Illuminate\Http\Request), 1, true)
#33 E:\EDRootAnalytics\wEB\qdbwrite\bootstrap\compiled.php(664): Stack\StackedHttpKernel->handle(Object(Illuminate\Http\Request))
#34 E:\EDRootAnalytics\wEB\qdbwrite\public\index.php(49): Illuminate\Foundation\Application->run()
#35 E:\EDRootAnalytics\wEB\qdbwrite\server.php(19): require_once('E:\EDRootAnalyt...')
#36 {main}

Next exception 'Illuminate\Database\QueryException' with message 'SQLSTATE[42S02]: Base table or view not found: 1146 Table 'qdbwrite.users' doesn't exist (SQL: select * from `users` where `email` = as limit 1)' in E:\EDRootAnalytics\wEB\qdbwrite\vendor\laravel\framework\src\Illuminate\Database\Connection.php:625
Stack trace:
#0 E:\EDRootAnalytics\wEB\qdbwrite\vendor\laravel\framework\src\Illuminate\Database\Connection.php(581): Illuminate\Database\Connection->runQueryCallback('select * from `...', Array, Object(Closure))
#1 E:\EDRootAnalytics\wEB\qdbwrite\vendor\laravel\framework\src\Illuminate\Database\Connection.php(304): Illuminate\Database\Connection->run('select * from `...', Array, Object(Closure))
#2 E:\EDRootAnalytics\wEB\qdbwrite\vendor\laravel\framework\src\Illuminate\Database\Query\Builder.php(1359): Illuminate\Database\Connection->select('select * from `...', Array)
#3 E:\EDRootAnalytics\wEB\qdbwrite\vendor\laravel\framework\src\Illuminate\Database\Query\Builder.php(1349): Illuminate\Database\Query\Builder->runSelect()
#4 E:\EDRootAnalytics\wEB\qdbwrite\vendor\laravel\framework\src\Illuminate\Database\Query\Builder.php(1336): Illuminate\Database\Query\Builder->getFresh(Array)
#5 E:\EDRootAnalytics\wEB\qdbwrite\vendor\laravel\framework\src\Illuminate\Database\Eloquent\Builder.php(415): Illuminate\Database\Query\Builder->get(Array)
#6 E:\EDRootAnalytics\wEB\qdbwrite\vendor\laravel\framework\src\Illuminate\Database\Eloquent\Builder.php(151): Illuminate\Database\Eloquent\Builder->getModels(Array)
#7 E:\EDRootAnalytics\wEB\qdbwrite\vendor\laravel\framework\src\Illuminate\Database\Eloquent\Builder.php(125): Illuminate\Database\Eloquent\Builder->get(Array)
#8 E:\EDRootAnalytics\wEB\qdbwrite\vendor\laravel\framework\src\Illuminate\Auth\EloquentUserProvider.php(94): Illuminate\Database\Eloquent\Builder->first()
#9 E:\EDRootAnalytics\wEB\qdbwrite\vendor\laravel\framework\src\Illuminate\Auth\Guard.php(347): Illuminate\Auth\EloquentUserProvider->retrieveByCredentials(Array)
#10 [internal function]: Illuminate\Auth\Guard->attempt(Array)
#11 E:\EDRootAnalytics\wEB\qdbwrite\bootstrap\compiled.php(8238): call_user_func_array(Array, Array)
#12 E:\EDRootAnalytics\wEB\qdbwrite\bootstrap\compiled.php(3243): Illuminate\Support\Manager->__call('attempt', Array)
#13 E:\EDRootAnalytics\wEB\qdbwrite\bootstrap\compiled.php(3243): Illuminate\Auth\AuthManager->attempt(Array)
#14 E:\EDRootAnalytics\wEB\qdbwrite\app\controllers\AuthController.php(19): Illuminate\Support\Facades\Facade::__callStatic('attempt', Array)
#15 E:\EDRootAnalytics\wEB\qdbwrite\app\controllers\AuthController.php(19): Illuminate\Support\Facades\Auth::attempt(Array)
#16 [internal function]: AuthController->login()
#17 E:\EDRootAnalytics\wEB\qdbwrite\vendor\laravel\framework\src\Illuminate\Routing\Controller.php(231): call_user_func_array(Array, Array)
#18 E:\EDRootAnalytics\wEB\qdbwrite\bootstrap\compiled.php(5799): Illuminate\Routing\Controller->callAction('login', Array)
#19 E:\EDRootAnalytics\wEB\qdbwrite\bootstrap\compiled.php(5787): Illuminate\Routing\ControllerDispatcher->call(Object(AuthController), Object(Illuminate\Routing\Route), 'login')
#20 E:\EDRootAnalytics\wEB\qdbwrite\bootstrap\compiled.php(4986): Illuminate\Routing\ControllerDispatcher->dispatch(Object(Illuminate\Routing\Route), Object(Illuminate\Http\Request), 'AuthController', 'login')
#21 [internal function]: Illuminate\Routing\Router->Illuminate\Routing\{closure}()
#22 E:\EDRootAnalytics\wEB\qdbwrite\bootstrap\compiled.php(5345): call_user_func_array(Object(Closure), Array)
#23 E:\EDRootAnalytics\wEB\qdbwrite\bootstrap\compiled.php(5011): Illuminate\Routing\Route->run(Object(Illuminate\Http\Request))
#24 E:\EDRootAnalytics\wEB\qdbwrite\bootstrap\compiled.php(4999): Illuminate\Routing\Router->dispatchToRoute(Object(Illuminate\Http\Request))
#25 E:\EDRootAnalytics\wEB\qdbwrite\bootstrap\compiled.php(722): Illuminate\Routing\Router->dispatch(Object(Illuminate\Http\Request))
#26 E:\EDRootAnalytics\wEB\qdbwrite\bootstrap\compiled.php(703): Illuminate\Foundation\Application->dispatch(Object(Illuminate\Http\Request))
#27 E:\EDRootAnalytics\wEB\qdbwrite\bootstrap\compiled.php(7763): Illuminate\Foundation\Application->handle(Object(Illuminate\Http\Request), 1, true)
#28 E:\EDRootAnalytics\wEB\qdbwrite\bootstrap\compiled.php(8370): Illuminate\Session\Middleware->handle(Object(Illuminate\Http\Request), 1, true)
#29 E:\EDRootAnalytics\wEB\qdbwrite\bootstrap\compiled.php(8317): Illuminate\Cookie\Queue->handle(Object(Illuminate\Http\Request), 1, true)
#30 E:\EDRootAnalytics\wEB\qdbwrite\bootstrap\compiled.php(10955): Illuminate\Cookie\Guard->handle(Object(Illuminate\Http\Request), 1, true)
#31 E:\EDRootAnalytics\wEB\qdbwrite\bootstrap\compiled.php(664): Stack\StackedHttpKernel->handle(Object(Illuminate\Http\Request))
#32 E:\EDRootAnalytics\wEB\qdbwrite\public\index.php(49): Illuminate\Foundation\Application->run()
#33 E:\EDRootAnalytics\wEB\qdbwrite\server.php(19): require_once('E:\EDRootAnalyt...')
#34 {main} [] []
[2014-09-19 20:37:19] production.ERROR: exception 'PDOException' with message 'SQLSTATE[42S02]: Base table or view not found: 1146 Table 'qdbwrite.users' doesn't exist' in E:\EDRootAnalytics\wEB\qdbwrite\vendor\laravel\framework\src\Illuminate\Database\Connection.php:299
Stack trace:
#0 E:\EDRootAnalytics\wEB\qdbwrite\vendor\laravel\framework\src\Illuminate\Database\Connection.php(299): PDO->prepare('select * from `...')
#1 E:\EDRootAnalytics\wEB\qdbwrite\vendor\laravel\framework\src\Illuminate\Database\Connection.php(617): Illuminate\Database\Connection->Illuminate\Database\{closure}(Object(Illuminate\Database\MySqlConnection), 'select * from `...', Array)
#2 E:\EDRootAnalytics\wEB\qdbwrite\vendor\laravel\framework\src\Illuminate\Database\Connection.php(581): Illuminate\Database\Connection->runQueryCallback('select * from `...', Array, Object(Closure))
#3 E:\EDRootAnalytics\wEB\qdbwrite\vendor\laravel\framework\src\Illuminate\Database\Connection.php(304): Illuminate\Database\Connection->run('select * from `...', Array, Object(Closure))
#4 E:\EDRootAnalytics\wEB\qdbwrite\vendor\laravel\framework\src\Illuminate\Database\Query\Builder.php(1359): Illuminate\Database\Connection->select('select * from `...', Array)
#5 E:\EDRootAnalytics\wEB\qdbwrite\vendor\laravel\framework\src\Illuminate\Database\Query\Builder.php(1349): Illuminate\Database\Query\Builder->runSelect()
#6 E:\EDRootAnalytics\wEB\qdbwrite\vendor\laravel\framework\src\Illuminate\Database\Query\Builder.php(1336): Illuminate\Database\Query\Builder->getFresh(Array)
#7 E:\EDRootAnalytics\wEB\qdbwrite\vendor\laravel\framework\src\Illuminate\Database\Eloquent\Builder.php(415): Illuminate\Database\Query\Builder->get(Array)
#8 E:\EDRootAnalytics\wEB\qdbwrite\vendor\laravel\framework\src\Illuminate\Database\Eloquent\Builder.php(151): Illuminate\Database\Eloquent\Builder->getModels(Array)
#9 E:\EDRootAnalytics\wEB\qdbwrite\vendor\laravel\framework\src\Illuminate\Database\Eloquent\Builder.php(125): Illuminate\Database\Eloquent\Builder->get(Array)
#10 E:\EDRootAnalytics\wEB\qdbwrite\vendor\laravel\framework\src\Illuminate\Auth\EloquentUserProvider.php(94): Illuminate\Database\Eloquent\Builder->first()
#11 E:\EDRootAnalytics\wEB\qdbwrite\vendor\laravel\framework\src\Illuminate\Auth\Guard.php(347): Illuminate\Auth\EloquentUserProvider->retrieveByCredentials(Array)
#12 [internal function]: Illuminate\Auth\Guard->attempt(Array)
#13 E:\EDRootAnalytics\wEB\qdbwrite\bootstrap\compiled.php(8238): call_user_func_array(Array, Array)
#14 E:\EDRootAnalytics\wEB\qdbwrite\bootstrap\compiled.php(3243): Illuminate\Support\Manager->__call('attempt', Array)
#15 E:\EDRootAnalytics\wEB\qdbwrite\bootstrap\compiled.php(3243): Illuminate\Auth\AuthManager->attempt(Array)
#16 E:\EDRootAnalytics\wEB\qdbwrite\app\controllers\AuthController.php(19): Illuminate\Support\Facades\Facade::__callStatic('attempt', Array)
#17 E:\EDRootAnalytics\wEB\qdbwrite\app\controllers\AuthController.php(19): Illuminate\Support\Facades\Auth::attempt(Array)
#18 [internal function]: AuthController->login()
#19 E:\EDRootAnalytics\wEB\qdbwrite\vendor\laravel\framework\src\Illuminate\Routing\Controller.php(231): call_user_func_array(Array, Array)
#20 E:\EDRootAnalytics\wEB\qdbwrite\bootstrap\compiled.php(5799): Illuminate\Routing\Controller->callAction('login', Array)
#21 E:\EDRootAnalytics\wEB\qdbwrite\bootstrap\compiled.php(5787): Illuminate\Routing\ControllerDispatcher->call(Object(AuthController), Object(Illuminate\Routing\Route), 'login')
#22 E:\EDRootAnalytics\wEB\qdbwrite\bootstrap\compiled.php(4986): Illuminate\Routing\ControllerDispatcher->dispatch(Object(Illuminate\Routing\Route), Object(Illuminate\Http\Request), 'AuthController', 'login')
#23 [internal function]: Illuminate\Routing\Router->Illuminate\Routing\{closure}()
#24 E:\EDRootAnalytics\wEB\qdbwrite\bootstrap\compiled.php(5345): call_user_func_array(Object(Closure), Array)
#25 E:\EDRootAnalytics\wEB\qdbwrite\bootstrap\compiled.php(5011): Illuminate\Routing\Route->run(Object(Illuminate\Http\Request))
#26 E:\EDRootAnalytics\wEB\qdbwrite\bootstrap\compiled.php(4999): Illuminate\Routing\Router->dispatchToRoute(Object(Illuminate\Http\Request))
#27 E:\EDRootAnalytics\wEB\qdbwrite\bootstrap\compiled.php(722): Illuminate\Routing\Router->dispatch(Object(Illuminate\Http\Request))
#28 E:\EDRootAnalytics\wEB\qdbwrite\bootstrap\compiled.php(703): Illuminate\Foundation\Application->dispatch(Object(Illuminate\Http\Request))
#29 E:\EDRootAnalytics\wEB\qdbwrite\bootstrap\compiled.php(7763): Illuminate\Foundation\Application->handle(Object(Illuminate\Http\Request), 1, true)
#30 E:\EDRootAnalytics\wEB\qdbwrite\bootstrap\compiled.php(8370): Illuminate\Session\Middleware->handle(Object(Illuminate\Http\Request), 1, true)
#31 E:\EDRootAnalytics\wEB\qdbwrite\bootstrap\compiled.php(8317): Illuminate\Cookie\Queue->handle(Object(Illuminate\Http\Request), 1, true)
#32 E:\EDRootAnalytics\wEB\qdbwrite\bootstrap\compiled.php(10955): Illuminate\Cookie\Guard->handle(Object(Illuminate\Http\Request), 1, true)
#33 E:\EDRootAnalytics\wEB\qdbwrite\bootstrap\compiled.php(664): Stack\StackedHttpKernel->handle(Object(Illuminate\Http\Request))
#34 E:\EDRootAnalytics\wEB\qdbwrite\public\index.php(49): Illuminate\Foundation\Application->run()
#35 E:\EDRootAnalytics\wEB\qdbwrite\server.php(19): require_once('E:\EDRootAnalyt...')
#36 {main}

Next exception 'Illuminate\Database\QueryException' with message 'SQLSTATE[42S02]: Base table or view not found: 1146 Table 'qdbwrite.users' doesn't exist (SQL: select * from `users` where `email` = as limit 1)' in E:\EDRootAnalytics\wEB\qdbwrite\vendor\laravel\framework\src\Illuminate\Database\Connection.php:625
Stack trace:
#0 E:\EDRootAnalytics\wEB\qdbwrite\vendor\laravel\framework\src\Illuminate\Database\Connection.php(581): Illuminate\Database\Connection->runQueryCallback('select * from `...', Array, Object(Closure))
#1 E:\EDRootAnalytics\wEB\qdbwrite\vendor\laravel\framework\src\Illuminate\Database\Connection.php(304): Illuminate\Database\Connection->run('select * from `...', Array, Object(Closure))
#2 E:\EDRootAnalytics\wEB\qdbwrite\vendor\laravel\framework\src\Illuminate\Database\Query\Builder.php(1359): Illuminate\Database\Connection->select('select * from `...', Array)
#3 E:\EDRootAnalytics\wEB\qdbwrite\vendor\laravel\framework\src\Illuminate\Database\Query\Builder.php(1349): Illuminate\Database\Query\Builder->runSelect()
#4 E:\EDRootAnalytics\wEB\qdbwrite\vendor\laravel\framework\src\Illuminate\Database\Query\Builder.php(1336): Illuminate\Database\Query\Builder->getFresh(Array)
#5 E:\EDRootAnalytics\wEB\qdbwrite\vendor\laravel\framework\src\Illuminate\Database\Eloquent\Builder.php(415): Illuminate\Database\Query\Builder->get(Array)
#6 E:\EDRootAnalytics\wEB\qdbwrite\vendor\laravel\framework\src\Illuminate\Database\Eloquent\Builder.php(151): Illuminate\Database\Eloquent\Builder->getModels(Array)
#7 E:\EDRootAnalytics\wEB\qdbwrite\vendor\laravel\framework\src\Illuminate\Database\Eloquent\Builder.php(125): Illuminate\Database\Eloquent\Builder->get(Array)
#8 E:\EDRootAnalytics\wEB\qdbwrite\vendor\laravel\framework\src\Illuminate\Auth\EloquentUserProvider.php(94): Illuminate\Database\Eloquent\Builder->first()
#9 E:\EDRootAnalytics\wEB\qdbwrite\vendor\laravel\framework\src\Illuminate\Auth\Guard.php(347): Illuminate\Auth\EloquentUserProvider->retrieveByCredentials(Array)
#10 [internal function]: Illuminate\Auth\Guard->attempt(Array)
#11 E:\EDRootAnalytics\wEB\qdbwrite\bootstrap\compiled.php(8238): call_user_func_array(Array, Array)
#12 E:\EDRootAnalytics\wEB\qdbwrite\bootstrap\compiled.php(3243): Illuminate\Support\Manager->__call('attempt', Array)
#13 E:\EDRootAnalytics\wEB\qdbwrite\bootstrap\compiled.php(3243): Illuminate\Auth\AuthManager->attempt(Array)
#14 E:\EDRootAnalytics\wEB\qdbwrite\app\controllers\AuthController.php(19): Illuminate\Support\Facades\Facade::__callStatic('attempt', Array)
#15 E:\EDRootAnalytics\wEB\qdbwrite\app\controllers\AuthController.php(19): Illuminate\Support\Facades\Auth::attempt(Array)
#16 [internal function]: AuthController->login()
#17 E:\EDRootAnalytics\wEB\qdbwrite\vendor\laravel\framework\src\Illuminate\Routing\Controller.php(231): call_user_func_array(Array, Array)
#18 E:\EDRootAnalytics\wEB\qdbwrite\bootstrap\compiled.php(5799): Illuminate\Routing\Controller->callAction('login', Array)
#19 E:\EDRootAnalytics\wEB\qdbwrite\bootstrap\compiled.php(5787): Illuminate\Routing\ControllerDispatcher->call(Object(AuthController), Object(Illuminate\Routing\Route), 'login')
#20 E:\EDRootAnalytics\wEB\qdbwrite\bootstrap\compiled.php(4986): Illuminate\Routing\ControllerDispatcher->dispatch(Object(Illuminate\Routing\Route), Object(Illuminate\Http\Request), 'AuthController', 'login')
#21 [internal function]: Illuminate\Routing\Router->Illuminate\Routing\{closure}()
#22 E:\EDRootAnalytics\wEB\qdbwrite\bootstrap\compiled.php(5345): call_user_func_array(Object(Closure), Array)
#23 E:\EDRootAnalytics\wEB\qdbwrite\bootstrap\compiled.php(5011): Illuminate\Routing\Route->run(Object(Illuminate\Http\Request))
#24 E:\EDRootAnalytics\wEB\qdbwrite\bootstrap\compiled.php(4999): Illuminate\Routing\Router->dispatchToRoute(Object(Illuminate\Http\Request))
#25 E:\EDRootAnalytics\wEB\qdbwrite\bootstrap\compiled.php(722): Illuminate\Routing\Router->dispatch(Object(Illuminate\Http\Request))
#26 E:\EDRootAnalytics\wEB\qdbwrite\bootstrap\compiled.php(703): Illuminate\Foundation\Application->dispatch(Object(Illuminate\Http\Request))
#27 E:\EDRootAnalytics\wEB\qdbwrite\bootstrap\compiled.php(7763): Illuminate\Foundation\Application->handle(Object(Illuminate\Http\Request), 1, true)
#28 E:\EDRootAnalytics\wEB\qdbwrite\bootstrap\compiled.php(8370): Illuminate\Session\Middleware->handle(Object(Illuminate\Http\Request), 1, true)
#29 E:\EDRootAnalytics\wEB\qdbwrite\bootstrap\compiled.php(8317): Illuminate\Cookie\Queue->handle(Object(Illuminate\Http\Request), 1, true)
#30 E:\EDRootAnalytics\wEB\qdbwrite\bootstrap\compiled.php(10955): Illuminate\Cookie\Guard->handle(Object(Illuminate\Http\Request), 1, true)
#31 E:\EDRootAnalytics\wEB\qdbwrite\bootstrap\compiled.php(664): Stack\StackedHttpKernel->handle(Object(Illuminate\Http\Request))
#32 E:\EDRootAnalytics\wEB\qdbwrite\public\index.php(49): Illuminate\Foundation\Application->run()
#33 E:\EDRootAnalytics\wEB\qdbwrite\server.php(19): require_once('E:\EDRootAnalyt...')
#34 {main} [] []
